<?xml version="1.0" encoding="UTF-8"?>
<testng-results skipped="0" failed="0" ignored="0" total="1" passed="1">
  <reporter-output>
  </reporter-output>
  <suite name="Default suite" duration-ms="23712" started-at="2018-09-11T05:13:41Z" finished-at="2018-09-11T05:14:05Z">
    <groups>
    </groups>
    <test name="Default test" duration-ms="23712" started-at="2018-09-11T05:13:41Z" finished-at="2018-09-11T05:14:05Z">
      <class name="com.SeleniumPage.SeleniumPage1">
        <test-method status="PASS" signature="setup()[pri:0, instance:com.SeleniumPage.SeleniumPage1@39aeed2f]" name="setup" is-config="true" duration-ms="14819" started-at="2018-09-11T05:13:41Z" finished-at="2018-09-11T05:13:56Z">
          <reporter-output>
          </reporter-output>
        </test-method> <!-- setup -->
        <test-method status="PASS" signature="test()[pri:0, instance:com.SeleniumPage.SeleniumPage1@39aeed2f]" name="test" duration-ms="8757" started-at="2018-09-11T05:13:56Z" finished-at="2018-09-11T05:14:05Z">
          <reporter-output>
          </reporter-output>
        </test-method> <!-- test -->
      </class> <!-- com.SeleniumPage.SeleniumPage1 -->
    </test> <!-- Default test -->
  </suite> <!-- Default suite -->
</testng-results>
